<?xml version="1.0" encoding="UTF-8"?>
<testng-results ignored="0" total="1" passed="1" failed="0" skipped="0">
  <reporter-output>
  </reporter-output>
  <suite started-at="2023-07-16T23:54:19 IST" name="Default suite" finished-at="2023-07-16T23:54:40 IST" duration-ms="21487">
    <groups>
    </groups>
    <test started-at="2023-07-16T23:54:19 IST" name="Default test" finished-at="2023-07-16T23:54:40 IST" duration-ms="21487">
      <class name="com.goodreads.s.GoodreadsBooks">
        <test-method is-config="true" signature="configBeforeMethod()[pri:0, instance:com.goodreads.s.GoodreadsBooks@223d2c72]" started-at="2023-07-16T23:54:19 IST" name="configBeforeMethod" finished-at="2023-07-16T23:54:24 IST" duration-ms="4617" status="PASS">
          <reporter-output>
          </reporter-output>
        </test-method> <!-- configBeforeMethod -->
        <test-method signature="Basava()[pri:0, instance:com.goodreads.s.GoodreadsBooks@223d2c72]" started-at="2023-07-16T23:54:24 IST" name="Basava" finished-at="2023-07-16T23:54:40 IST" duration-ms="16472" status="PASS">
          <reporter-output>
          </reporter-output>
        </test-method> <!-- Basava -->
        <test-method is-config="true" signature="configAfterMethod()[pri:0, instance:com.goodreads.s.GoodreadsBooks@223d2c72]" started-at="2023-07-16T23:54:40 IST" name="configAfterMethod" finished-at="2023-07-16T23:54:40 IST" duration-ms="368" status="PASS">
          <reporter-output>
          </reporter-output>
        </test-method> <!-- configAfterMethod -->
      </class> <!-- com.goodreads.s.GoodreadsBooks -->
    </test> <!-- Default test -->
  </suite> <!-- Default suite -->
</testng-results>
